<?xml version="1.0" encoding="UTF-8"?>
<!-- Generated by org.testng.reporters.JUnitReportReporter -->
<testsuite hostname="DESKTOP-GJMFF2T" failures="0" tests="3" name="test.RESTassured" time="4.937" errors="0" timestamp="2022-08-17T13:58:36 IST" skipped="0">
  <testcase classname="test.RESTassured" name="test_2" time="1.459"/>
  <system-out/>
  <testcase classname="test.RESTassured" name="test_3" time="0.351"/>
  <system-out/>
  <testcase classname="test.RESTassured" name="test_1" time="3.127"/>
  <system-out/>
</testsuite> <!-- test.RESTassured -->
