<?xml version="1.0" encoding="UTF-8"?>
<!-- Generated by org.testng.reporters.JUnitReportReporter -->
<testsuite hostname="DESKTOP-GJMFF2T" failures="0" tests="3" name="test.Putpatchdelete" time="5.222" errors="0" timestamp="2022-08-17T15:38:00 IST" skipped="0">
  <testcase classname="test.Putpatchdelete" name="test_patch" time="0.946"/>
  <system-out/>
  <testcase classname="test.Putpatchdelete" name="test_delete" time="3.522"/>
  <system-out/>
  <testcase classname="test.Putpatchdelete" name="test_put" time="0.754"/>
  <system-out/>
</testsuite> <!-- test.Putpatchdelete -->
