<?xml version="1.0" encoding="UTF-8"?>
<!-- Generated by org.testng.reporters.JUnitReportReporter -->
<testsuite hostname="DESKTOP-GJMFF2T" failures="0" tests="1" name="test.GetandPost" time="3.675" errors="0" timestamp="2022-08-17T14:57:47 IST" skipped="0">
  <testcase classname="test.GetandPost" name="test_put" time="3.675"/>
  <system-out/>
</testsuite> <!-- test.GetandPost -->
