<?xml version="1.0" encoding="UTF-8"?>
<!-- Generated by org.testng.reporters.JUnitReportReporter -->
<testsuite hostname="DESKTOP-GJMFF2T" failures="0" tests="1" name="test.RESTassuredtest" time="0.018" errors="0" timestamp="2022-08-17T12:13:45 IST" skipped="0">
  <testcase classname="test.RESTassuredtest" name="testAPi" time="0.018"/>
  <system-out/>
</testsuite> <!-- test.RESTassuredtest -->
